<?xml version="1.0" encoding="UTF-8"?>
<!-- Generated by org.testng.reporters.JUnitReportReporter -->
<testsuite hostname="MOMDAD" failures="0" tests="4" name="org.POM_Test_Cases.StatisticsPageDeatilsTC" time="69.662" errors="0" timestamp="2023-06-06T19:04:25 IST" skipped="0">
  <testcase classname="org.POM_Test_Cases.StatisticsPageDeatilsTC" name="verifyThatStatisticsPageIsDisplay" time="19.487"/>
  <system-out>
    <![CDATA[Stats Page Title Verified Successfully = Players Stats and Records | IPLT20
Stats Page URL Verified Successfully = https://www.iplt20.com/stats/2023
Stats Page is Displayed successfully]]>
  </system-out>
  <testcase classname="org.POM_Test_Cases.StatisticsPageDeatilsTC" name="verifyThatSearchFunctionalityOfStatsPage" time="17.199"/>
  <system-out>
    <![CDATA[Cookie accepted successfully
Search Functionality is Displayed Successfully
Search Functionality is Enabled Successfully]]>
  </system-out>
  <testcase classname="org.POM_Test_Cases.StatisticsPageDeatilsTC" name="verifyThatShubhmanGillsDetailsOnStatsPage" time="15.806"/>
  <system-out>
    <![CDATA[player name as Shubman Gill is verified Successfully
team name as GT is verified Successfully]]>
  </system-out>
  <testcase classname="org.POM_Test_Cases.StatisticsPageDeatilsTC" name="verifyThatShubhmanGillsStatisticsDetailsOnStatsPage" time="17.170"/>
  <system-out>
    <![CDATA[Total runs of Shubman Gill is verified Successfully
Highest Score of Shubman Gill is verified Successfully
Average Score of Shubman Gill is verified Successfully
Strike Rate of Shubman Gill is verified Successfully
Sixes Count of Shubman Gill is verified Successfully]]>
  </system-out>
</testsuite> <!-- org.POM_Test_Cases.StatisticsPageDeatilsTC -->
